Using pre-set license
Built from '2022.3/staging' branch; Version is '2022.3.44f1 (c3ae09b9f03c) revision 12824073'; Using compiler version '192829333'; Build Type 'Release'
OS: 'Windows 11  (10.0.22631) 64bit Core' Language: 'ko' Physical Memory: 7865 MB
BatchMode: 1, IsHumanControllingUs: 0, StartBugReporterOnCrash: 0, Is64bit: 1, IsPro: 1

COMMAND LINE ARGUMENTS:
C:\Program Files\Unity\Hub\Editor\2022.3.44f1\Editor\Unity.exe
-adb2
-batchMode
-noUpm
-name
AssetImportWorker2
-projectPath
C:/Users/hyun3/OneDrive/문서/GitHub/gameengine/gamemakejo
-logFile
Logs/AssetImportWorker2.log
-srvPort
54924
Successfully changed project path to: C:/Users/hyun3/OneDrive/문서/GitHub/gameengine/gamemakejo
C:/Users/hyun3/OneDrive/문서/GitHub/gameengine/gamemakejo
[UnityMemory] Configuration Parameters - Can be set up in boot.config
    "memorysetup-bucket-allocator-granularity=16"
    "memorysetup-bucket-allocator-bucket-count=8"
    "memorysetup-bucket-allocator-block-size=33554432"
    "memorysetup-bucket-allocator-block-count=8"
    "memorysetup-main-allocator-block-size=16777216"
    "memorysetup-thread-allocator-block-size=16777216"
    "memorysetup-gfx-main-allocator-block-size=16777216"
    "memorysetup-gfx-thread-allocator-block-size=16777216"
    "memorysetup-cache-allocator-block-size=4194304"
    "memorysetup-typetree-allocator-block-size=2097152"
    "memorysetup-profiler-bucket-allocator-granularity=16"
    "memorysetup-profiler-bucket-allocator-bucket-count=8"
    "memorysetup-profiler-bucket-allocator-block-size=33554432"
    "memorysetup-profiler-bucket-allocator-block-count=8"
    "memorysetup-profiler-allocator-block-size=16777216"
    "memorysetup-profiler-editor-allocator-block-size=1048576"
    "memorysetup-temp-allocator-size-main=16777216"
    "memorysetup-job-temp-allocator-block-size=2097152"
    "memorysetup-job-temp-allocator-block-size-background=1048576"
    "memorysetup-job-temp-allocator-reduction-small-platforms=262144"
    "memorysetup-allocator-temp-initial-block-size-main=262144"
    "memorysetup-allocator-temp-initial-block-size-worker=262144"
    "memorysetup-temp-allocator-size-background-worker=32768"
    "memorysetup-temp-allocator-size-job-worker=262144"
    "memorysetup-temp-allocator-size-preload-manager=33554432"
    "memorysetup-temp-allocator-size-nav-mesh-worker=65536"
    "memorysetup-temp-allocator-size-audio-worker=65536"
    "memorysetup-temp-allocator-size-cloud-worker=32768"
    "memorysetup-temp-allocator-size-gi-baking-worker=262144"
    "memorysetup-temp-allocator-size-gfx=262144"
Player connection [20336]  Target information:

Player connection [20336]  * "[IP] 172.16.1.206 [Port] 0 [Flags] 2 [Guid] 2754061234 [EditorId] 2754061234 [Version] 1048832 [Id] WindowsEditor(7,DESKTOP-4867F73) [Debug] 1 [PackageName] WindowsEditor [ProjectName] Editor" 

Player connection [20336] Host joined multi-casting on [225.0.0.222:54997]...
Player connection [20336] Host joined alternative multi-casting on [225.0.0.222:34997]...
[PhysX] Initialized MultithreadedTaskDispatcher with 8 workers.
Refreshing native plugins compatible for Editor in 35.12 ms, found 3 plugins.
Preloading 0 native plugins for Editor in 0.00 ms.
Initialize engine version: 2022.3.44f1 (c3ae09b9f03c)
[Subsystems] Discovering subsystems at path C:/Program Files/Unity/Hub/Editor/2022.3.44f1/Editor/Data/Resources/UnitySubsystems
[Subsystems] Discovering subsystems at path C:/Users/hyun3/OneDrive/문서/GitHub/gameengine/gamemakejo/Assets
GfxDevice: creating device client; threaded=0; jobified=0
Direct3D:
    Version:  Direct3D 11.0 [level 11.1]
    Renderer: Intel(R) Iris(R) Xe Graphics (ID=0x9a49)
    Vendor:   Intel
    VRAM:     3932 MB
    Driver:   27.20.100.9415
Initialize mono
Mono path[0] = 'C:/Program Files/Unity/Hub/Editor/2022.3.44f1/Editor/Data/Managed'
Mono path[1] = 'C:/Program Files/Unity/Hub/Editor/2022.3.44f1/Editor/Data/MonoBleedingEdge/lib/mono/unityjit-win32'
Mono config path = 'C:/Program Files/Unity/Hub/Editor/2022.3.44f1/Editor/Data/MonoBleedingEdge/etc'
Using monoOptions --debugger-agent=transport=dt_socket,embedding=1,server=y,suspend=n,address=127.0.0.1:56524
Begin MonoManager ReloadAssembly
Registering precompiled unity dll's ...
Register platform support module: C:/Program Files/Unity/Hub/Editor/2022.3.44f1/Editor/Data/PlaybackEngines/WindowsStandaloneSupport/UnityEditor.WindowsStandalone.Extensions.dll
Registered in 0.056561 seconds.
- Loaded All Assemblies, in  4.601 seconds
Native extension for WindowsStandalone target not found
Mono: successfully reloaded assembly
- Finished resetting the current domain, in  1.216 seconds
Domain Reload Profiling: 5808ms
	BeginReloadAssembly (690ms)
		ExecutionOrderSort (0ms)
		DisableScriptedObjects (0ms)
		BackupInstance (0ms)
		ReleaseScriptingObjects (0ms)
		CreateAndSetChildDomain (4ms)
	RebuildCommonClasses (1479ms)
	RebuildNativeTypeToScriptingClass (241ms)
	initialDomainReloadingComplete (980ms)
	LoadAllAssembliesAndSetupDomain (1200ms)
		LoadAssemblies (672ms)
		RebuildTransferFunctionScriptingTraits (0ms)
		AnalyzeDomain (1192ms)
			TypeCache.Refresh (1186ms)
				TypeCache.ScanAssembly (1128ms)
			ScanForSourceGeneratedMonoScriptInfo (3ms)
			ResolveRequiredComponents (2ms)
	FinalizeReload (1218ms)
		ReleaseScriptCaches (0ms)
		RebuildScriptCaches (0ms)
		SetupLoadedEditorAssemblies (1036ms)
			LogAssemblyErrors (0ms)
			InitializePlatformSupportModulesInManaged (39ms)
			SetLoadedEditorAssemblies (38ms)
			RefreshPlugins (0ms)
			BeforeProcessingInitializeOnLoad (10ms)
			ProcessInitializeOnLoadAttributes (733ms)
			ProcessInitializeOnLoadMethodAttributes (217ms)
			AfterProcessingInitializeOnLoad (0ms)
			EditorAssembliesLoaded (0ms)
		ExecutionOrderSort2 (0ms)
		AwakeInstancesAfterBackupRestoration (0ms)
========================================================================
Worker process is ready to serve import requests
Caller must complete domain reload
Begin MonoManager ReloadAssembly
- Loaded All Assemblies, in  2.203 seconds
Native extension for WindowsStandalone target not found
Mono: successfully reloaded assembly
- Finished resetting the current domain, in  2.036 seconds
Domain Reload Profiling: 4208ms
	BeginReloadAssembly (540ms)
		ExecutionOrderSort (0ms)
		DisableScriptedObjects (18ms)
		BackupInstance (0ms)
		ReleaseScriptingObjects (0ms)
		CreateAndSetChildDomain (54ms)
	RebuildCommonClasses (118ms)
	RebuildNativeTypeToScriptingClass (30ms)
	initialDomainReloadingComplete (138ms)
	LoadAllAssembliesAndSetupDomain (1345ms)
		LoadAssemblies (1190ms)
		RebuildTransferFunctionScriptingTraits (0ms)
		AnalyzeDomain (519ms)
			TypeCache.Refresh (458ms)
				TypeCache.ScanAssembly (419ms)
			ScanForSourceGeneratedMonoScriptInfo (42ms)
			ResolveRequiredComponents (15ms)
	FinalizeReload (2037ms)
		ReleaseScriptCaches (0ms)
		RebuildScriptCaches (0ms)
		SetupLoadedEditorAssemblies (1631ms)
			LogAssemblyErrors (0ms)
			InitializePlatformSupportModulesInManaged (21ms)
			SetLoadedEditorAssemblies (11ms)
			RefreshPlugins (0ms)
			BeforeProcessingInitializeOnLoad (186ms)
			ProcessInitializeOnLoadAttributes (1300ms)
			ProcessInitializeOnLoadMethodAttributes (73ms)
			AfterProcessingInitializeOnLoad (39ms)
			EditorAssembliesLoaded (0ms)
		ExecutionOrderSort2 (0ms)
		AwakeInstancesAfterBackupRestoration (40ms)
Launched and connected shader compiler UnityShaderCompiler.exe after 0.12 seconds
Refreshing native plugins compatible for Editor in 19.56 ms, found 3 plugins.
Preloading 0 native plugins for Editor in 0.00 ms.
Unloading 3218 Unused Serialized files (Serialized files now loaded: 0)
Unloading 19 unused Assets / (54.7 KB). Loaded Objects now: 3689.
Memory consumption went from 128.4 MB to 128.4 MB.
Total: 7.751000 ms (FindLiveObjects: 0.505800 ms CreateObjectMapping: 0.243900 ms MarkObjects: 6.623700 ms  DeleteObjects: 0.373000 ms)

AssetImportParameters requested are different than current active one (requested -> active):
  custom:container-demuxer-ogg: 62fdf1f143b41e24485cea50d1cbac27 -> 
  custom:video-codec-MediaFoundation-h265: 746d11721c4dcdbdad8f713fa42b33f4 -> 
  custom:video-decoder-ogg-theora: a1e56fd34408186e4bbccfd4996cb3dc -> 
  custom:framework-win-MediaFoundation: 216162199b28c13a410421893ffa2e32 -> 
  custom:CustomObjectIndexerAttribute: 9a22284fe3817be447336de3de66b15e -> 
  custom:container-demuxer-webm: 4f35f7cbe854078d1ac9338744f61a02 -> 
  custom:container-muxer-webm: aa71ff27fc2769a1b78a27578f13a17b -> 
  custom:video-decoder-webm-vp8: 9c59270c3fd7afecdb556c50c9e8de78 -> 
  custom:SearchIndexIgnoredProperties: e643bd26f0fe6173181afceb89e7c659 -> 
  custom:AudioImporter_EditorPlatform: d09bf68614088b80899f8185d706f6e7 -> 
  custom:video-encoder-webm-vp8: eb34c28f22e8b96e1ab97ce403110664 -> 
  custom:audio-decoder-ogg-vorbis: bf7c407c2cedff20999df2af8eb42d56 -> 
  custom:audio-encoder-webm-vorbis: bf7c407c2cedff20999df2af8eb42d56 -> 
========================================================================
Received Prepare
Caller must complete domain reload
Begin MonoManager ReloadAssembly
- Loaded All Assemblies, in  1.590 seconds
Native extension for WindowsStandalone target not found
Mono: successfully reloaded assembly
- Finished resetting the current domain, in  3.482 seconds
Domain Reload Profiling: 5049ms
	BeginReloadAssembly (512ms)
		ExecutionOrderSort (0ms)
		DisableScriptedObjects (12ms)
		BackupInstance (0ms)
		ReleaseScriptingObjects (0ms)
		CreateAndSetChildDomain (102ms)
	RebuildCommonClasses (123ms)
	RebuildNativeTypeToScriptingClass (42ms)
	initialDomainReloadingComplete (122ms)
	LoadAllAssembliesAndSetupDomain (767ms)
		LoadAssemblies (1027ms)
		RebuildTransferFunctionScriptingTraits (0ms)
		AnalyzeDomain (57ms)
			TypeCache.Refresh (18ms)
				TypeCache.ScanAssembly (2ms)
			ScanForSourceGeneratedMonoScriptInfo (17ms)
			ResolveRequiredComponents (19ms)
	FinalizeReload (3483ms)
		ReleaseScriptCaches (0ms)
		RebuildScriptCaches (0ms)
		SetupLoadedEditorAssemblies (889ms)
			LogAssemblyErrors (0ms)
			InitializePlatformSupportModulesInManaged (16ms)
			SetLoadedEditorAssemblies (8ms)
			RefreshPlugins (0ms)
			BeforeProcessingInitializeOnLoad (144ms)
			ProcessInitializeOnLoadAttributes (653ms)
			ProcessInitializeOnLoadMethodAttributes (44ms)
			AfterProcessingInitializeOnLoad (23ms)
			EditorAssembliesLoaded (0ms)
		ExecutionOrderSort2 (0ms)
		AwakeInstancesAfterBackupRestoration (28ms)
Refreshing native plugins compatible for Editor in 20.45 ms, found 3 plugins.
Preloading 0 native plugins for Editor in 0.00 ms.
Unloading 3196 Unused Serialized files (Serialized files now loaded: 0)
Unloading 14 unused Assets / (28.5 KB). Loaded Objects now: 3692.
Memory consumption went from 123.7 MB to 123.6 MB.
Total: 26.793400 ms (FindLiveObjects: 19.803200 ms CreateObjectMapping: 1.045700 ms MarkObjects: 5.838100 ms  DeleteObjects: 0.104100 ms)

Prepare: number of updated asset objects reloaded= 0
AssetImportParameters requested are different than current active one (requested -> active):
  custom:container-demuxer-ogg: 62fdf1f143b41e24485cea50d1cbac27 -> 
  custom:video-codec-MediaFoundation-h265: 746d11721c4dcdbdad8f713fa42b33f4 -> 
  custom:video-decoder-ogg-theora: a1e56fd34408186e4bbccfd4996cb3dc -> 
  custom:framework-win-MediaFoundation: 216162199b28c13a410421893ffa2e32 -> 
  custom:CustomObjectIndexerAttribute: 9a22284fe3817be447336de3de66b15e -> 
  custom:container-demuxer-webm: 4f35f7cbe854078d1ac9338744f61a02 -> 
  custom:container-muxer-webm: aa71ff27fc2769a1b78a27578f13a17b -> 
  custom:video-decoder-webm-vp8: 9c59270c3fd7afecdb556c50c9e8de78 -> 
  custom:SearchIndexIgnoredProperties: e643bd26f0fe6173181afceb89e7c659 -> 
  custom:AudioImporter_EditorPlatform: d09bf68614088b80899f8185d706f6e7 -> 
  custom:video-encoder-webm-vp8: eb34c28f22e8b96e1ab97ce403110664 -> 
  custom:audio-decoder-ogg-vorbis: bf7c407c2cedff20999df2af8eb42d56 -> 
  custom:audio-encoder-webm-vorbis: bf7c407c2cedff20999df2af8eb42d56 -> 
========================================================================
Received Prepare
Caller must complete domain reload
Begin MonoManager ReloadAssembly
- Loaded All Assemblies, in  0.965 seconds
Native extension for WindowsStandalone target not found
Mono: successfully reloaded assembly
- Finished resetting the current domain, in  2.830 seconds
Domain Reload Profiling: 3783ms
	BeginReloadAssembly (300ms)
		ExecutionOrderSort (0ms)
		DisableScriptedObjects (7ms)
		BackupInstance (0ms)
		ReleaseScriptingObjects (0ms)
		CreateAndSetChildDomain (45ms)
	RebuildCommonClasses (73ms)
	RebuildNativeTypeToScriptingClass (18ms)
	initialDomainReloadingComplete (66ms)
	LoadAllAssembliesAndSetupDomain (496ms)
		LoadAssemblies (652ms)
		RebuildTransferFunctionScriptingTraits (0ms)
		AnalyzeDomain (38ms)
			TypeCache.Refresh (16ms)
				TypeCache.ScanAssembly (2ms)
			ScanForSourceGeneratedMonoScriptInfo (12ms)
			ResolveRequiredComponents (8ms)
	FinalizeReload (2831ms)
		ReleaseScriptCaches (0ms)
		RebuildScriptCaches (0ms)
		SetupLoadedEditorAssemblies (813ms)
			LogAssemblyErrors (0ms)
			InitializePlatformSupportModulesInManaged (16ms)
			SetLoadedEditorAssemblies (9ms)
			RefreshPlugins (0ms)
			BeforeProcessingInitializeOnLoad (120ms)
			ProcessInitializeOnLoadAttributes (609ms)
			ProcessInitializeOnLoadMethodAttributes (43ms)
			AfterProcessingInitializeOnLoad (16ms)
			EditorAssembliesLoaded (0ms)
		ExecutionOrderSort2 (0ms)
		AwakeInstancesAfterBackupRestoration (24ms)
Refreshing native plugins compatible for Editor in 15.33 ms, found 3 plugins.
Preloading 0 native plugins for Editor in 0.00 ms.
Unloading 3196 Unused Serialized files (Serialized files now loaded: 0)
Unloading 14 unused Assets / (28.5 KB). Loaded Objects now: 3695.
Memory consumption went from 123.7 MB to 123.6 MB.
Total: 7.222800 ms (FindLiveObjects: 0.708700 ms CreateObjectMapping: 0.594800 ms MarkObjects: 5.813400 ms  DeleteObjects: 0.103800 ms)

Prepare: number of updated asset objects reloaded= 0
AssetImportParameters requested are different than current active one (requested -> active):
  custom:container-demuxer-ogg: 62fdf1f143b41e24485cea50d1cbac27 -> 
  custom:video-codec-MediaFoundation-h265: 746d11721c4dcdbdad8f713fa42b33f4 -> 
  custom:video-decoder-ogg-theora: a1e56fd34408186e4bbccfd4996cb3dc -> 
  custom:framework-win-MediaFoundation: 216162199b28c13a410421893ffa2e32 -> 
  custom:CustomObjectIndexerAttribute: 9a22284fe3817be447336de3de66b15e -> 
  custom:container-demuxer-webm: 4f35f7cbe854078d1ac9338744f61a02 -> 
  custom:container-muxer-webm: aa71ff27fc2769a1b78a27578f13a17b -> 
  custom:video-decoder-webm-vp8: 9c59270c3fd7afecdb556c50c9e8de78 -> 
  custom:SearchIndexIgnoredProperties: e643bd26f0fe6173181afceb89e7c659 -> 
  custom:AudioImporter_EditorPlatform: d09bf68614088b80899f8185d706f6e7 -> 
  custom:video-encoder-webm-vp8: eb34c28f22e8b96e1ab97ce403110664 -> 
  custom:audio-decoder-ogg-vorbis: bf7c407c2cedff20999df2af8eb42d56 -> 
  custom:audio-encoder-webm-vorbis: bf7c407c2cedff20999df2af8eb42d56 -> 
========================================================================
Received Import Request.
  Time since last request: 61741.421256 seconds.
  path: Assets/Scripts/BGMManager.cs
  artifactKey: Guid(dc7943343782b104c9bf8ba037056889) Importer(815301076,1909f56bfc062723c751e8b465ee728b)
Start importing Assets/Scripts/BGMManager.cs using Guid(dc7943343782b104c9bf8ba037056889) Importer(815301076,1909f56bfc062723c751e8b465ee728b) [PhysX] Initialized MultithreadedTaskDispatcher with 8 workers.
 -> (artifact id: 'fb113853efddcd9f32d76ac32707d294') in 0.004142 seconds
Number of updated asset objects reloaded before import = 0
Number of asset objects unloaded after import = 0
========================================================================
Received Import Request.
  Time since last request: 198.921588 seconds.
  path: Assets/Scripts/SceneBGMSetter.cs
  artifactKey: Guid(3ac2c6ed21f9fd443bbb34e64004ac5f) Importer(815301076,1909f56bfc062723c751e8b465ee728b)
Start importing Assets/Scripts/SceneBGMSetter.cs using Guid(3ac2c6ed21f9fd443bbb34e64004ac5f) Importer(815301076,1909f56bfc062723c751e8b465ee728b) [PhysX] Initialized MultithreadedTaskDispatcher with 8 workers.
 -> (artifact id: '2b230affee9d675345f97115df3b5c22') in 0.001528 seconds
Number of updated asset objects reloaded before import = 0
Number of asset objects unloaded after import = 0
========================================================================
Received Prepare
Caller must complete domain reload
Begin MonoManager ReloadAssembly
- Loaded All Assemblies, in  0.963 seconds
Native extension for WindowsStandalone target not found
Mono: successfully reloaded assembly
- Finished resetting the current domain, in  2.697 seconds
Domain Reload Profiling: 3647ms
	BeginReloadAssembly (308ms)
		ExecutionOrderSort (0ms)
		DisableScriptedObjects (7ms)
		BackupInstance (0ms)
		ReleaseScriptingObjects (0ms)
		CreateAndSetChildDomain (49ms)
	RebuildCommonClasses (68ms)
	RebuildNativeTypeToScriptingClass (20ms)
	initialDomainReloadingComplete (73ms)
	LoadAllAssembliesAndSetupDomain (480ms)
		LoadAssemblies (644ms)
		RebuildTransferFunctionScriptingTraits (0ms)
		AnalyzeDomain (43ms)
			TypeCache.Refresh (16ms)
				TypeCache.ScanAssembly (2ms)
			ScanForSourceGeneratedMonoScriptInfo (12ms)
			ResolveRequiredComponents (12ms)
	FinalizeReload (2698ms)
		ReleaseScriptCaches (0ms)
		RebuildScriptCaches (0ms)
		SetupLoadedEditorAssemblies (892ms)
			LogAssemblyErrors (0ms)
			InitializePlatformSupportModulesInManaged (15ms)
			SetLoadedEditorAssemblies (10ms)
			RefreshPlugins (0ms)
			BeforeProcessingInitializeOnLoad (149ms)
			ProcessInitializeOnLoadAttributes (646ms)
			ProcessInitializeOnLoadMethodAttributes (43ms)
			AfterProcessingInitializeOnLoad (28ms)
			EditorAssembliesLoaded (1ms)
		ExecutionOrderSort2 (0ms)
		AwakeInstancesAfterBackupRestoration (33ms)
Refreshing native plugins compatible for Editor in 16.15 ms, found 3 plugins.
Preloading 0 native plugins for Editor in 0.00 ms.
Unloading 3196 Unused Serialized files (Serialized files now loaded: 0)
Unloading 14 unused Assets / (28.5 KB). Loaded Objects now: 3699.
Memory consumption went from 123.4 MB to 123.4 MB.
Total: 5.826000 ms (FindLiveObjects: 0.506700 ms CreateObjectMapping: 0.354800 ms MarkObjects: 4.880800 ms  DeleteObjects: 0.082300 ms)

Prepare: number of updated asset objects reloaded= 0
AssetImportParameters requested are different than current active one (requested -> active):
  custom:container-demuxer-ogg: 62fdf1f143b41e24485cea50d1cbac27 -> 
  custom:video-codec-MediaFoundation-h265: 746d11721c4dcdbdad8f713fa42b33f4 -> 
  custom:video-decoder-ogg-theora: a1e56fd34408186e4bbccfd4996cb3dc -> 
  custom:framework-win-MediaFoundation: 216162199b28c13a410421893ffa2e32 -> 
  custom:CustomObjectIndexerAttribute: 9a22284fe3817be447336de3de66b15e -> 
  custom:container-demuxer-webm: 4f35f7cbe854078d1ac9338744f61a02 -> 
  custom:container-muxer-webm: aa71ff27fc2769a1b78a27578f13a17b -> 
  custom:video-decoder-webm-vp8: 9c59270c3fd7afecdb556c50c9e8de78 -> 
  custom:SearchIndexIgnoredProperties: e643bd26f0fe6173181afceb89e7c659 -> 
  custom:AudioImporter_EditorPlatform: d09bf68614088b80899f8185d706f6e7 -> 
  custom:scripting/monoscript/fileName/SceneBGMSetter.cs: 813043180954d6d6302380ca578de066 -> 
  custom:video-encoder-webm-vp8: eb34c28f22e8b96e1ab97ce403110664 -> 
  custom:audio-decoder-ogg-vorbis: bf7c407c2cedff20999df2af8eb42d56 -> 
  custom:audio-encoder-webm-vorbis: bf7c407c2cedff20999df2af8eb42d56 -> 
  custom:scripting/precompiled-assembly-types:Assembly-CSharp: c38c9100a003d07f40f3b2e46b418234 -> f7c2d739dbcb71d76e3fbb408ea7f577
========================================================================
Received Import Request.
  Time since last request: 11.985979 seconds.
  path: Assets/Scripts/SceneBGMSetter.cs
  artifactKey: Guid(3ac2c6ed21f9fd443bbb34e64004ac5f) Importer(815301076,1909f56bfc062723c751e8b465ee728b)
Start importing Assets/Scripts/SceneBGMSetter.cs using Guid(3ac2c6ed21f9fd443bbb34e64004ac5f) Importer(815301076,1909f56bfc062723c751e8b465ee728b) [PhysX] Initialized MultithreadedTaskDispatcher with 8 workers.
 -> (artifact id: '00000000000000000000000000000000') in 0.004390 seconds
Import Error Code:(4)
Message: Build asset version error: assets/scripts/scenebgmsetter.cs in SourceAssetDB has modification time of '2024-12-09T07:33:21.8885145Z' while content on disk has modification time of '2024-12-09T07:33:34.1896108Z'
  ERROR: Build asset version error: assets/scripts/scenebgmsetter.cs in SourceAssetDB has modification time of '2024-12-09T07:33:21.8885145Z' while content on disk has modification time of '2024-12-09T07:33:34.1896108Z'
Number of updated asset objects reloaded before import = 0
Number of asset objects unloaded after import = 0
========================================================================
Received Import Request.
  Time since last request: 0.001433 seconds.
  path: Assets/Scripts/SceneBGMSetter.cs
  artifactKey: Guid(3ac2c6ed21f9fd443bbb34e64004ac5f) Importer(815301076,1909f56bfc062723c751e8b465ee728b)
Start importing Assets/Scripts/SceneBGMSetter.cs using Guid(3ac2c6ed21f9fd443bbb34e64004ac5f) Importer(815301076,1909f56bfc062723c751e8b465ee728b) [PhysX] Initialized MultithreadedTaskDispatcher with 8 workers.
 -> (artifact id: '00000000000000000000000000000000') in 0.000958 seconds
Import Error Code:(4)
Message: Build asset version error: assets/scripts/scenebgmsetter.cs in SourceAssetDB has modification time of '2024-12-09T07:33:21.8885145Z' while content on disk has modification time of '2024-12-09T07:33:34.1896108Z'
  ERROR: Build asset version error: assets/scripts/scenebgmsetter.cs in SourceAssetDB has modification time of '2024-12-09T07:33:21.8885145Z' while content on disk has modification time of '2024-12-09T07:33:34.1896108Z'
Number of updated asset objects reloaded before import = 0
Number of asset objects unloaded after import = 0
========================================================================
Received Import Request.
  Time since last request: 0.020432 seconds.
  path: Assets/Scripts/SceneBGMSetter.cs
  artifactKey: Guid(3ac2c6ed21f9fd443bbb34e64004ac5f) Importer(815301076,1909f56bfc062723c751e8b465ee728b)
Start importing Assets/Scripts/SceneBGMSetter.cs using Guid(3ac2c6ed21f9fd443bbb34e64004ac5f) Importer(815301076,1909f56bfc062723c751e8b465ee728b) [PhysX] Initialized MultithreadedTaskDispatcher with 8 workers.
 -> (artifact id: '00000000000000000000000000000000') in 0.001129 seconds
Import Error Code:(4)
Message: Build asset version error: assets/scripts/scenebgmsetter.cs in SourceAssetDB has modification time of '2024-12-09T07:33:21.8885145Z' while content on disk has modification time of '2024-12-09T07:33:34.1896108Z'
  ERROR: Build asset version error: assets/scripts/scenebgmsetter.cs in SourceAssetDB has modification time of '2024-12-09T07:33:21.8885145Z' while content on disk has modification time of '2024-12-09T07:33:34.1896108Z'
Number of updated asset objects reloaded before import = 0
Number of asset objects unloaded after import = 0
========================================================================
Received Import Request.
  Time since last request: 0.073999 seconds.
  path: Assets/Scripts/SceneBGMSetter.cs
  artifactKey: Guid(3ac2c6ed21f9fd443bbb34e64004ac5f) Importer(815301076,1909f56bfc062723c751e8b465ee728b)
Start importing Assets/Scripts/SceneBGMSetter.cs using Guid(3ac2c6ed21f9fd443bbb34e64004ac5f) Importer(815301076,1909f56bfc062723c751e8b465ee728b) [PhysX] Initialized MultithreadedTaskDispatcher with 8 workers.
 -> (artifact id: '00000000000000000000000000000000') in 0.002007 seconds
Import Error Code:(4)
Message: Build asset version error: assets/scripts/scenebgmsetter.cs in SourceAssetDB has modification time of '2024-12-09T07:33:21.8885145Z' while content on disk has modification time of '2024-12-09T07:33:34.1896108Z'
  ERROR: Build asset version error: assets/scripts/scenebgmsetter.cs in SourceAssetDB has modification time of '2024-12-09T07:33:21.8885145Z' while content on disk has modification time of '2024-12-09T07:33:34.1896108Z'
Number of updated asset objects reloaded before import = 0
Number of asset objects unloaded after import = 0
========================================================================
Received Import Request.
  Time since last request: 0.019606 seconds.
  path: Assets/Scripts/SceneBGMSetter.cs
  artifactKey: Guid(3ac2c6ed21f9fd443bbb34e64004ac5f) Importer(815301076,1909f56bfc062723c751e8b465ee728b)
Start importing Assets/Scripts/SceneBGMSetter.cs using Guid(3ac2c6ed21f9fd443bbb34e64004ac5f) Importer(815301076,1909f56bfc062723c751e8b465ee728b) [PhysX] Initialized MultithreadedTaskDispatcher with 8 workers.
 -> (artifact id: '00000000000000000000000000000000') in 0.001248 seconds
Import Error Code:(4)
Message: Build asset version error: assets/scripts/scenebgmsetter.cs in SourceAssetDB has modification time of '2024-12-09T07:33:21.8885145Z' while content on disk has modification time of '2024-12-09T07:33:34.1896108Z'
  ERROR: Build asset version error: assets/scripts/scenebgmsetter.cs in SourceAssetDB has modification time of '2024-12-09T07:33:21.8885145Z' while content on disk has modification time of '2024-12-09T07:33:34.1896108Z'
Number of updated asset objects reloaded before import = 0
Number of asset objects unloaded after import = 0
========================================================================
Received Import Request.
  Time since last request: 0.029213 seconds.
  path: Assets/Scripts/SceneBGMSetter.cs
  artifactKey: Guid(3ac2c6ed21f9fd443bbb34e64004ac5f) Importer(815301076,1909f56bfc062723c751e8b465ee728b)
Start importing Assets/Scripts/SceneBGMSetter.cs using Guid(3ac2c6ed21f9fd443bbb34e64004ac5f) Importer(815301076,1909f56bfc062723c751e8b465ee728b) [PhysX] Initialized MultithreadedTaskDispatcher with 8 workers.
 -> (artifact id: '00000000000000000000000000000000') in 0.001035 seconds
Import Error Code:(4)
Message: Build asset version error: assets/scripts/scenebgmsetter.cs in SourceAssetDB has modification time of '2024-12-09T07:33:21.8885145Z' while content on disk has modification time of '2024-12-09T07:33:34.1896108Z'
  ERROR: Build asset version error: assets/scripts/scenebgmsetter.cs in SourceAssetDB has modification time of '2024-12-09T07:33:21.8885145Z' while content on disk has modification time of '2024-12-09T07:33:34.1896108Z'
Number of updated asset objects reloaded before import = 0
Number of asset objects unloaded after import = 0
========================================================================
Received Import Request.
  Time since last request: 0.019502 seconds.
  path: Assets/Scripts/SceneBGMSetter.cs
  artifactKey: Guid(3ac2c6ed21f9fd443bbb34e64004ac5f) Importer(815301076,1909f56bfc062723c751e8b465ee728b)
Start importing Assets/Scripts/SceneBGMSetter.cs using Guid(3ac2c6ed21f9fd443bbb34e64004ac5f) Importer(815301076,1909f56bfc062723c751e8b465ee728b) [PhysX] Initialized MultithreadedTaskDispatcher with 8 workers.
 -> (artifact id: '00000000000000000000000000000000') in 0.001321 seconds
Import Error Code:(4)
Message: Build asset version error: assets/scripts/scenebgmsetter.cs in SourceAssetDB has modification time of '2024-12-09T07:33:21.8885145Z' while content on disk has modification time of '2024-12-09T07:33:34.1896108Z'
  ERROR: Build asset version error: assets/scripts/scenebgmsetter.cs in SourceAssetDB has modification time of '2024-12-09T07:33:21.8885145Z' while content on disk has modification time of '2024-12-09T07:33:34.1896108Z'
Number of updated asset objects reloaded before import = 0
Number of asset objects unloaded after import = 0
========================================================================
Received Import Request.
  Time since last request: 0.017945 seconds.
  path: Assets/Scripts/SceneBGMSetter.cs
  artifactKey: Guid(3ac2c6ed21f9fd443bbb34e64004ac5f) Importer(815301076,1909f56bfc062723c751e8b465ee728b)
Start importing Assets/Scripts/SceneBGMSetter.cs using Guid(3ac2c6ed21f9fd443bbb34e64004ac5f) Importer(815301076,1909f56bfc062723c751e8b465ee728b) [PhysX] Initialized MultithreadedTaskDispatcher with 8 workers.
 -> (artifact id: '00000000000000000000000000000000') in 0.001550 seconds
Import Error Code:(4)
Message: Build asset version error: assets/scripts/scenebgmsetter.cs in SourceAssetDB has modification time of '2024-12-09T07:33:21.8885145Z' while content on disk has modification time of '2024-12-09T07:33:34.1896108Z'
  ERROR: Build asset version error: assets/scripts/scenebgmsetter.cs in SourceAssetDB has modification time of '2024-12-09T07:33:21.8885145Z' while content on disk has modification time of '2024-12-09T07:33:34.1896108Z'
Number of updated asset objects reloaded before import = 0
Number of asset objects unloaded after import = 0
========================================================================
Received Import Request.
  Time since last request: 0.017715 seconds.
  path: Assets/Scripts/SceneBGMSetter.cs
  artifactKey: Guid(3ac2c6ed21f9fd443bbb34e64004ac5f) Importer(815301076,1909f56bfc062723c751e8b465ee728b)
Start importing Assets/Scripts/SceneBGMSetter.cs using Guid(3ac2c6ed21f9fd443bbb34e64004ac5f) Importer(815301076,1909f56bfc062723c751e8b465ee728b) [PhysX] Initialized MultithreadedTaskDispatcher with 8 workers.
 -> (artifact id: '00000000000000000000000000000000') in 0.001438 seconds
Import Error Code:(4)
Message: Build asset version error: assets/scripts/scenebgmsetter.cs in SourceAssetDB has modification time of '2024-12-09T07:33:21.8885145Z' while content on disk has modification time of '2024-12-09T07:33:34.1896108Z'
  ERROR: Build asset version error: assets/scripts/scenebgmsetter.cs in SourceAssetDB has modification time of '2024-12-09T07:33:21.8885145Z' while content on disk has modification time of '2024-12-09T07:33:34.1896108Z'
Number of updated asset objects reloaded before import = 0
Number of asset objects unloaded after import = 0
========================================================================
Received Import Request.
  Time since last request: 0.017994 seconds.
  path: Assets/Scripts/SceneBGMSetter.cs
  artifactKey: Guid(3ac2c6ed21f9fd443bbb34e64004ac5f) Importer(815301076,1909f56bfc062723c751e8b465ee728b)
Start importing Assets/Scripts/SceneBGMSetter.cs using Guid(3ac2c6ed21f9fd443bbb34e64004ac5f) Importer(815301076,1909f56bfc062723c751e8b465ee728b) [PhysX] Initialized MultithreadedTaskDispatcher with 8 workers.
 -> (artifact id: '00000000000000000000000000000000') in 0.000969 seconds
Import Error Code:(4)
Message: Build asset version error: assets/scripts/scenebgmsetter.cs in SourceAssetDB has modification time of '2024-12-09T07:33:21.8885145Z' while content on disk has modification time of '2024-12-09T07:33:34.1896108Z'
  ERROR: Build asset version error: assets/scripts/scenebgmsetter.cs in SourceAssetDB has modification time of '2024-12-09T07:33:21.8885145Z' while content on disk has modification time of '2024-12-09T07:33:34.1896108Z'
Number of updated asset objects reloaded before import = 0
Number of asset objects unloaded after import = 0
========================================================================
Received Import Request.
  Time since last request: 0.017465 seconds.
  path: Assets/Scripts/SceneBGMSetter.cs
  artifactKey: Guid(3ac2c6ed21f9fd443bbb34e64004ac5f) Importer(815301076,1909f56bfc062723c751e8b465ee728b)
Start importing Assets/Scripts/SceneBGMSetter.cs using Guid(3ac2c6ed21f9fd443bbb34e64004ac5f) Importer(815301076,1909f56bfc062723c751e8b465ee728b) [PhysX] Initialized MultithreadedTaskDispatcher with 8 workers.
 -> (artifact id: '00000000000000000000000000000000') in 0.000967 seconds
Import Error Code:(4)
Message: Build asset version error: assets/scripts/scenebgmsetter.cs in SourceAssetDB has modification time of '2024-12-09T07:33:21.8885145Z' while content on disk has modification time of '2024-12-09T07:33:34.1896108Z'
  ERROR: Build asset version error: assets/scripts/scenebgmsetter.cs in SourceAssetDB has modification time of '2024-12-09T07:33:21.8885145Z' while content on disk has modification time of '2024-12-09T07:33:34.1896108Z'
Number of updated asset objects reloaded before import = 0
Number of asset objects unloaded after import = 0
========================================================================
Received Import Request.
  Time since last request: 0.018383 seconds.
  path: Assets/Scripts/SceneBGMSetter.cs
  artifactKey: Guid(3ac2c6ed21f9fd443bbb34e64004ac5f) Importer(815301076,1909f56bfc062723c751e8b465ee728b)
Start importing Assets/Scripts/SceneBGMSetter.cs using Guid(3ac2c6ed21f9fd443bbb34e64004ac5f) Importer(815301076,1909f56bfc062723c751e8b465ee728b) [PhysX] Initialized MultithreadedTaskDispatcher with 8 workers.
 -> (artifact id: '00000000000000000000000000000000') in 0.001331 seconds
Import Error Code:(4)
Message: Build asset version error: assets/scripts/scenebgmsetter.cs in SourceAssetDB has modification time of '2024-12-09T07:33:21.8885145Z' while content on disk has modification time of '2024-12-09T07:33:34.1896108Z'
  ERROR: Build asset version error: assets/scripts/scenebgmsetter.cs in SourceAssetDB has modification time of '2024-12-09T07:33:21.8885145Z' while content on disk has modification time of '2024-12-09T07:33:34.1896108Z'
Number of updated asset objects reloaded before import = 0
Number of asset objects unloaded after import = 0
========================================================================
Received Import Request.
  Time since last request: 0.019408 seconds.
  path: Assets/Scripts/SceneBGMSetter.cs
  artifactKey: Guid(3ac2c6ed21f9fd443bbb34e64004ac5f) Importer(815301076,1909f56bfc062723c751e8b465ee728b)
Start importing Assets/Scripts/SceneBGMSetter.cs using Guid(3ac2c6ed21f9fd443bbb34e64004ac5f) Importer(815301076,1909f56bfc062723c751e8b465ee728b) [PhysX] Initialized MultithreadedTaskDispatcher with 8 workers.
 -> (artifact id: '00000000000000000000000000000000') in 0.000965 seconds
Import Error Code:(4)
Message: Build asset version error: assets/scripts/scenebgmsetter.cs in SourceAssetDB has modification time of '2024-12-09T07:33:21.8885145Z' while content on disk has modification time of '2024-12-09T07:33:34.1896108Z'
  ERROR: Build asset version error: assets/scripts/scenebgmsetter.cs in SourceAssetDB has modification time of '2024-12-09T07:33:21.8885145Z' while content on disk has modification time of '2024-12-09T07:33:34.1896108Z'
Number of updated asset objects reloaded before import = 0
Number of asset objects unloaded after import = 0
========================================================================
Received Import Request.
  Time since last request: 0.023186 seconds.
  path: Assets/Scripts/SceneBGMSetter.cs
  artifactKey: Guid(3ac2c6ed21f9fd443bbb34e64004ac5f) Importer(815301076,1909f56bfc062723c751e8b465ee728b)
Start importing Assets/Scripts/SceneBGMSetter.cs using Guid(3ac2c6ed21f9fd443bbb34e64004ac5f) Importer(815301076,1909f56bfc062723c751e8b465ee728b) [PhysX] Initialized MultithreadedTaskDispatcher with 8 workers.
 -> (artifact id: '00000000000000000000000000000000') in 0.001201 seconds
Import Error Code:(4)
Message: Build asset version error: assets/scripts/scenebgmsetter.cs in SourceAssetDB has modification time of '2024-12-09T07:33:21.8885145Z' while content on disk has modification time of '2024-12-09T07:33:34.1896108Z'
  ERROR: Build asset version error: assets/scripts/scenebgmsetter.cs in SourceAssetDB has modification time of '2024-12-09T07:33:21.8885145Z' while content on disk has modification time of '2024-12-09T07:33:34.1896108Z'
Number of updated asset objects reloaded before import = 0
Number of asset objects unloaded after import = 0
========================================================================
Received Import Request.
  Time since last request: 0.022525 seconds.
  path: Assets/Scripts/SceneBGMSetter.cs
  artifactKey: Guid(3ac2c6ed21f9fd443bbb34e64004ac5f) Importer(815301076,1909f56bfc062723c751e8b465ee728b)
Start importing Assets/Scripts/SceneBGMSetter.cs using Guid(3ac2c6ed21f9fd443bbb34e64004ac5f) Importer(815301076,1909f56bfc062723c751e8b465ee728b) [PhysX] Initialized MultithreadedTaskDispatcher with 8 workers.
 -> (artifact id: '00000000000000000000000000000000') in 0.001156 seconds
Import Error Code:(4)
Message: Build asset version error: assets/scripts/scenebgmsetter.cs in SourceAssetDB has modification time of '2024-12-09T07:33:21.8885145Z' while content on disk has modification time of '2024-12-09T07:33:34.1896108Z'
  ERROR: Build asset version error: assets/scripts/scenebgmsetter.cs in SourceAssetDB has modification time of '2024-12-09T07:33:21.8885145Z' while content on disk has modification time of '2024-12-09T07:33:34.1896108Z'
Number of updated asset objects reloaded before import = 0
Number of asset objects unloaded after import = 0
========================================================================
Received Import Request.
  Time since last request: 0.019445 seconds.
  path: Assets/Scripts/SceneBGMSetter.cs
  artifactKey: Guid(3ac2c6ed21f9fd443bbb34e64004ac5f) Importer(815301076,1909f56bfc062723c751e8b465ee728b)
Start importing Assets/Scripts/SceneBGMSetter.cs using Guid(3ac2c6ed21f9fd443bbb34e64004ac5f) Importer(815301076,1909f56bfc062723c751e8b465ee728b) [PhysX] Initialized MultithreadedTaskDispatcher with 8 workers.
 -> (artifact id: '00000000000000000000000000000000') in 0.001414 seconds
Import Error Code:(4)
Message: Build asset version error: assets/scripts/scenebgmsetter.cs in SourceAssetDB has modification time of '2024-12-09T07:33:21.8885145Z' while content on disk has modification time of '2024-12-09T07:33:34.1896108Z'
  ERROR: Build asset version error: assets/scripts/scenebgmsetter.cs in SourceAssetDB has modification time of '2024-12-09T07:33:21.8885145Z' while content on disk has modification time of '2024-12-09T07:33:34.1896108Z'
Number of updated asset objects reloaded before import = 0
Number of asset objects unloaded after import = 0
========================================================================
Received Import Request.
  Time since last request: 0.018659 seconds.
  path: Assets/Scripts/SceneBGMSetter.cs
  artifactKey: Guid(3ac2c6ed21f9fd443bbb34e64004ac5f) Importer(815301076,1909f56bfc062723c751e8b465ee728b)
Start importing Assets/Scripts/SceneBGMSetter.cs using Guid(3ac2c6ed21f9fd443bbb34e64004ac5f) Importer(815301076,1909f56bfc062723c751e8b465ee728b) [PhysX] Initialized MultithreadedTaskDispatcher with 8 workers.
 -> (artifact id: '00000000000000000000000000000000') in 0.001186 seconds
Import Error Code:(4)
Message: Build asset version error: assets/scripts/scenebgmsetter.cs in SourceAssetDB has modification time of '2024-12-09T07:33:21.8885145Z' while content on disk has modification time of '2024-12-09T07:33:34.1896108Z'
  ERROR: Build asset version error: assets/scripts/scenebgmsetter.cs in SourceAssetDB has modification time of '2024-12-09T07:33:21.8885145Z' while content on disk has modification time of '2024-12-09T07:33:34.1896108Z'
Number of updated asset objects reloaded before import = 0
Number of asset objects unloaded after import = 0
========================================================================
Received Import Request.
  Time since last request: 0.022954 seconds.
  path: Assets/Scripts/SceneBGMSetter.cs
  artifactKey: Guid(3ac2c6ed21f9fd443bbb34e64004ac5f) Importer(815301076,1909f56bfc062723c751e8b465ee728b)
Start importing Assets/Scripts/SceneBGMSetter.cs using Guid(3ac2c6ed21f9fd443bbb34e64004ac5f) Importer(815301076,1909f56bfc062723c751e8b465ee728b) [PhysX] Initialized MultithreadedTaskDispatcher with 8 workers.
 -> (artifact id: '00000000000000000000000000000000') in 0.001589 seconds
Import Error Code:(4)
Message: Build asset version error: assets/scripts/scenebgmsetter.cs in SourceAssetDB has modification time of '2024-12-09T07:33:21.8885145Z' while content on disk has modification time of '2024-12-09T07:33:34.1896108Z'
  ERROR: Build asset version error: assets/scripts/scenebgmsetter.cs in SourceAssetDB has modification time of '2024-12-09T07:33:21.8885145Z' while content on disk has modification time of '2024-12-09T07:33:34.1896108Z'
Number of updated asset objects reloaded before import = 0
Number of asset objects unloaded after import = 0
========================================================================
Received Import Request.
  Time since last request: 0.021849 seconds.
  path: Assets/Scripts/SceneBGMSetter.cs
  artifactKey: Guid(3ac2c6ed21f9fd443bbb34e64004ac5f) Importer(815301076,1909f56bfc062723c751e8b465ee728b)
Start importing Assets/Scripts/SceneBGMSetter.cs using Guid(3ac2c6ed21f9fd443bbb34e64004ac5f) Importer(815301076,1909f56bfc062723c751e8b465ee728b) [PhysX] Initialized MultithreadedTaskDispatcher with 8 workers.
 -> (artifact id: '00000000000000000000000000000000') in 0.000922 seconds
Import Error Code:(4)
Message: Build asset version error: assets/scripts/scenebgmsetter.cs in SourceAssetDB has modification time of '2024-12-09T07:33:21.8885145Z' while content on disk has modification time of '2024-12-09T07:33:34.1896108Z'
  ERROR: Build asset version error: assets/scripts/scenebgmsetter.cs in SourceAssetDB has modification time of '2024-12-09T07:33:21.8885145Z' while content on disk has modification time of '2024-12-09T07:33:34.1896108Z'
Number of updated asset objects reloaded before import = 0
Number of asset objects unloaded after import = 0
========================================================================
Received Import Request.
  Time since last request: 0.018600 seconds.
  path: Assets/Scripts/SceneBGMSetter.cs
  artifactKey: Guid(3ac2c6ed21f9fd443bbb34e64004ac5f) Importer(815301076,1909f56bfc062723c751e8b465ee728b)
Start importing Assets/Scripts/SceneBGMSetter.cs using Guid(3ac2c6ed21f9fd443bbb34e64004ac5f) Importer(815301076,1909f56bfc062723c751e8b465ee728b) [PhysX] Initialized MultithreadedTaskDispatcher with 8 workers.
 -> (artifact id: '00000000000000000000000000000000') in 0.001604 seconds
Import Error Code:(4)
Message: Build asset version error: assets/scripts/scenebgmsetter.cs in SourceAssetDB has modification time of '2024-12-09T07:33:21.8885145Z' while content on disk has modification time of '2024-12-09T07:33:34.1896108Z'
  ERROR: Build asset version error: assets/scripts/scenebgmsetter.cs in SourceAssetDB has modification time of '2024-12-09T07:33:21.8885145Z' while content on disk has modification time of '2024-12-09T07:33:34.1896108Z'
Number of updated asset objects reloaded before import = 0
Number of asset objects unloaded after import = 0
========================================================================
Received Import Request.
  Time since last request: 0.019319 seconds.
  path: Assets/Scripts/SceneBGMSetter.cs
  artifactKey: Guid(3ac2c6ed21f9fd443bbb34e64004ac5f) Importer(815301076,1909f56bfc062723c751e8b465ee728b)
Start importing Assets/Scripts/SceneBGMSetter.cs using Guid(3ac2c6ed21f9fd443bbb34e64004ac5f) Importer(815301076,1909f56bfc062723c751e8b465ee728b) [PhysX] Initialized MultithreadedTaskDispatcher with 8 workers.
 -> (artifact id: '00000000000000000000000000000000') in 0.001021 seconds
Import Error Code:(4)
Message: Build asset version error: assets/scripts/scenebgmsetter.cs in SourceAssetDB has modification time of '2024-12-09T07:33:21.8885145Z' while content on disk has modification time of '2024-12-09T07:33:34.1896108Z'
  ERROR: Build asset version error: assets/scripts/scenebgmsetter.cs in SourceAssetDB has modification time of '2024-12-09T07:33:21.8885145Z' while content on disk has modification time of '2024-12-09T07:33:34.1896108Z'
Number of updated asset objects reloaded before import = 0
Number of asset objects unloaded after import = 0
========================================================================
Received Import Request.
  Time since last request: 0.021899 seconds.
  path: Assets/Scripts/SceneBGMSetter.cs
  artifactKey: Guid(3ac2c6ed21f9fd443bbb34e64004ac5f) Importer(815301076,1909f56bfc062723c751e8b465ee728b)
Start importing Assets/Scripts/SceneBGMSetter.cs using Guid(3ac2c6ed21f9fd443bbb34e64004ac5f) Importer(815301076,1909f56bfc062723c751e8b465ee728b) [PhysX] Initialized MultithreadedTaskDispatcher with 8 workers.
 -> (artifact id: '00000000000000000000000000000000') in 0.001185 seconds
Import Error Code:(4)
Message: Build asset version error: assets/scripts/scenebgmsetter.cs in SourceAssetDB has modification time of '2024-12-09T07:33:21.8885145Z' while content on disk has modification time of '2024-12-09T07:33:34.1896108Z'
  ERROR: Build asset version error: assets/scripts/scenebgmsetter.cs in SourceAssetDB has modification time of '2024-12-09T07:33:21.8885145Z' while content on disk has modification time of '2024-12-09T07:33:34.1896108Z'
Number of updated asset objects reloaded before import = 0
Number of asset objects unloaded after import = 0
========================================================================
Received Import Request.
  Time since last request: 0.026689 seconds.
  path: Assets/Scripts/SceneBGMSetter.cs
  artifactKey: Guid(3ac2c6ed21f9fd443bbb34e64004ac5f) Importer(815301076,1909f56bfc062723c751e8b465ee728b)
Start importing Assets/Scripts/SceneBGMSetter.cs using Guid(3ac2c6ed21f9fd443bbb34e64004ac5f) Importer(815301076,1909f56bfc062723c751e8b465ee728b) [PhysX] Initialized MultithreadedTaskDispatcher with 8 workers.
 -> (artifact id: '00000000000000000000000000000000') in 0.001340 seconds
Import Error Code:(4)
Message: Build asset version error: assets/scripts/scenebgmsetter.cs in SourceAssetDB has modification time of '2024-12-09T07:33:21.8885145Z' while content on disk has modification time of '2024-12-09T07:33:34.1896108Z'
  ERROR: Build asset version error: assets/scripts/scenebgmsetter.cs in SourceAssetDB has modification time of '2024-12-09T07:33:21.8885145Z' while content on disk has modification time of '2024-12-09T07:33:34.1896108Z'
Number of updated asset objects reloaded before import = 0
Number of asset objects unloaded after import = 0
========================================================================
Received Import Request.
  Time since last request: 0.021410 seconds.
  path: Assets/Scripts/SceneBGMSetter.cs
  artifactKey: Guid(3ac2c6ed21f9fd443bbb34e64004ac5f) Importer(815301076,1909f56bfc062723c751e8b465ee728b)
Start importing Assets/Scripts/SceneBGMSetter.cs using Guid(3ac2c6ed21f9fd443bbb34e64004ac5f) Importer(815301076,1909f56bfc062723c751e8b465ee728b) [PhysX] Initialized MultithreadedTaskDispatcher with 8 workers.
 -> (artifact id: '00000000000000000000000000000000') in 0.002099 seconds
Import Error Code:(4)
Message: Build asset version error: assets/scripts/scenebgmsetter.cs in SourceAssetDB has modification time of '2024-12-09T07:33:21.8885145Z' while content on disk has modification time of '2024-12-09T07:33:34.1896108Z'
  ERROR: Build asset version error: assets/scripts/scenebgmsetter.cs in SourceAssetDB has modification time of '2024-12-09T07:33:21.8885145Z' while content on disk has modification time of '2024-12-09T07:33:34.1896108Z'
Number of updated asset objects reloaded before import = 0
Number of asset objects unloaded after import = 0
========================================================================
Received Import Request.
  Time since last request: 0.027132 seconds.
  path: Assets/Scripts/SceneBGMSetter.cs
  artifactKey: Guid(3ac2c6ed21f9fd443bbb34e64004ac5f) Importer(815301076,1909f56bfc062723c751e8b465ee728b)
Start importing Assets/Scripts/SceneBGMSetter.cs using Guid(3ac2c6ed21f9fd443bbb34e64004ac5f) Importer(815301076,1909f56bfc062723c751e8b465ee728b) [PhysX] Initialized MultithreadedTaskDispatcher with 8 workers.
 -> (artifact id: '00000000000000000000000000000000') in 0.000947 seconds
Import Error Code:(4)
Message: Build asset version error: assets/scripts/scenebgmsetter.cs in SourceAssetDB has modification time of '2024-12-09T07:33:21.8885145Z' while content on disk has modification time of '2024-12-09T07:33:34.1896108Z'
  ERROR: Build asset version error: assets/scripts/scenebgmsetter.cs in SourceAssetDB has modification time of '2024-12-09T07:33:21.8885145Z' while content on disk has modification time of '2024-12-09T07:33:34.1896108Z'
Number of updated asset objects reloaded before import = 0
Number of asset objects unloaded after import = 0
========================================================================
Received Import Request.
  Time since last request: 0.023828 seconds.
  path: Assets/Scripts/SceneBGMSetter.cs
  artifactKey: Guid(3ac2c6ed21f9fd443bbb34e64004ac5f) Importer(815301076,1909f56bfc062723c751e8b465ee728b)
Start importing Assets/Scripts/SceneBGMSetter.cs using Guid(3ac2c6ed21f9fd443bbb34e64004ac5f) Importer(815301076,1909f56bfc062723c751e8b465ee728b) [PhysX] Initialized MultithreadedTaskDispatcher with 8 workers.
 -> (artifact id: '00000000000000000000000000000000') in 0.001185 seconds
Import Error Code:(4)
Message: Build asset version error: assets/scripts/scenebgmsetter.cs in SourceAssetDB has modification time of '2024-12-09T07:33:21.8885145Z' while content on disk has modification time of '2024-12-09T07:33:34.1896108Z'
  ERROR: Build asset version error: assets/scripts/scenebgmsetter.cs in SourceAssetDB has modification time of '2024-12-09T07:33:21.8885145Z' while content on disk has modification time of '2024-12-09T07:33:34.1896108Z'
Number of updated asset objects reloaded before import = 0
Number of asset objects unloaded after import = 0
========================================================================
Received Import Request.
  Time since last request: 0.022198 seconds.
  path: Assets/Scripts/SceneBGMSetter.cs
  artifactKey: Guid(3ac2c6ed21f9fd443bbb34e64004ac5f) Importer(815301076,1909f56bfc062723c751e8b465ee728b)
Start importing Assets/Scripts/SceneBGMSetter.cs using Guid(3ac2c6ed21f9fd443bbb34e64004ac5f) Importer(815301076,1909f56bfc062723c751e8b465ee728b) [PhysX] Initialized MultithreadedTaskDispatcher with 8 workers.
 -> (artifact id: '00000000000000000000000000000000') in 0.001256 seconds
Import Error Code:(4)
Message: Build asset version error: assets/scripts/scenebgmsetter.cs in SourceAssetDB has modification time of '2024-12-09T07:33:21.8885145Z' while content on disk has modification time of '2024-12-09T07:33:34.1896108Z'
  ERROR: Build asset version error: assets/scripts/scenebgmsetter.cs in SourceAssetDB has modification time of '2024-12-09T07:33:21.8885145Z' while content on disk has modification time of '2024-12-09T07:33:34.1896108Z'
Number of updated asset objects reloaded before import = 0
Number of asset objects unloaded after import = 0
========================================================================
Received Import Request.
  Time since last request: 0.030951 seconds.
  path: Assets/Scripts/SceneBGMSetter.cs
  artifactKey: Guid(3ac2c6ed21f9fd443bbb34e64004ac5f) Importer(815301076,1909f56bfc062723c751e8b465ee728b)
Start importing Assets/Scripts/SceneBGMSetter.cs using Guid(3ac2c6ed21f9fd443bbb34e64004ac5f) Importer(815301076,1909f56bfc062723c751e8b465ee728b) [PhysX] Initialized MultithreadedTaskDispatcher with 8 workers.
 -> (artifact id: '00000000000000000000000000000000') in 0.001896 seconds
Import Error Code:(4)
Message: Build asset version error: assets/scripts/scenebgmsetter.cs in SourceAssetDB has modification time of '2024-12-09T07:33:21.8885145Z' while content on disk has modification time of '2024-12-09T07:33:34.1896108Z'
  ERROR: Build asset version error: assets/scripts/scenebgmsetter.cs in SourceAssetDB has modification time of '2024-12-09T07:33:21.8885145Z' while content on disk has modification time of '2024-12-09T07:33:34.1896108Z'
Number of updated asset objects reloaded before import = 0
Number of asset objects unloaded after import = 0
========================================================================
Received Import Request.
  Time since last request: 0.022768 seconds.
  path: Assets/Scripts/SceneBGMSetter.cs
  artifactKey: Guid(3ac2c6ed21f9fd443bbb34e64004ac5f) Importer(815301076,1909f56bfc062723c751e8b465ee728b)
Start importing Assets/Scripts/SceneBGMSetter.cs using Guid(3ac2c6ed21f9fd443bbb34e64004ac5f) Importer(815301076,1909f56bfc062723c751e8b465ee728b) [PhysX] Initialized MultithreadedTaskDispatcher with 8 workers.
 -> (artifact id: '00000000000000000000000000000000') in 0.001838 seconds
Import Error Code:(4)
Message: Build asset version error: assets/scripts/scenebgmsetter.cs in SourceAssetDB has modification time of '2024-12-09T07:33:21.8885145Z' while content on disk has modification time of '2024-12-09T07:33:34.1896108Z'
  ERROR: Build asset version error: assets/scripts/scenebgmsetter.cs in SourceAssetDB has modification time of '2024-12-09T07:33:21.8885145Z' while content on disk has modification time of '2024-12-09T07:33:34.1896108Z'
Number of updated asset objects reloaded before import = 0
Number of asset objects unloaded after import = 0
========================================================================
Received Import Request.
  Time since last request: 0.026914 seconds.
  path: Assets/Scripts/SceneBGMSetter.cs
  artifactKey: Guid(3ac2c6ed21f9fd443bbb34e64004ac5f) Importer(815301076,1909f56bfc062723c751e8b465ee728b)
Start importing Assets/Scripts/SceneBGMSetter.cs using Guid(3ac2c6ed21f9fd443bbb34e64004ac5f) Importer(815301076,1909f56bfc062723c751e8b465ee728b) [PhysX] Initialized MultithreadedTaskDispatcher with 8 workers.
 -> (artifact id: '00000000000000000000000000000000') in 0.001449 seconds
Import Error Code:(4)
Message: Build asset version error: assets/scripts/scenebgmsetter.cs in SourceAssetDB has modification time of '2024-12-09T07:33:21.8885145Z' while content on disk has modification time of '2024-12-09T07:33:34.1896108Z'
  ERROR: Build asset version error: assets/scripts/scenebgmsetter.cs in SourceAssetDB has modification time of '2024-12-09T07:33:21.8885145Z' while content on disk has modification time of '2024-12-09T07:33:34.1896108Z'
Number of updated asset objects reloaded before import = 0
Number of asset objects unloaded after import = 0
========================================================================
Received Import Request.
  Time since last request: 0.019136 seconds.
  path: Assets/Scripts/SceneBGMSetter.cs
  artifactKey: Guid(3ac2c6ed21f9fd443bbb34e64004ac5f) Importer(815301076,1909f56bfc062723c751e8b465ee728b)
Start importing Assets/Scripts/SceneBGMSetter.cs using Guid(3ac2c6ed21f9fd443bbb34e64004ac5f) Importer(815301076,1909f56bfc062723c751e8b465ee728b) [PhysX] Initialized MultithreadedTaskDispatcher with 8 workers.
 -> (artifact id: '00000000000000000000000000000000') in 0.001071 seconds
Import Error Code:(4)
Message: Build asset version error: assets/scripts/scenebgmsetter.cs in SourceAssetDB has modification time of '2024-12-09T07:33:21.8885145Z' while content on disk has modification time of '2024-12-09T07:33:34.1896108Z'
  ERROR: Build asset version error: assets/scripts/scenebgmsetter.cs in SourceAssetDB has modification time of '2024-12-09T07:33:21.8885145Z' while content on disk has modification time of '2024-12-09T07:33:34.1896108Z'
Number of updated asset objects reloaded before import = 0
Number of asset objects unloaded after import = 0
========================================================================
Received Import Request.
  Time since last request: 0.020442 seconds.
  path: Assets/Scripts/SceneBGMSetter.cs
  artifactKey: Guid(3ac2c6ed21f9fd443bbb34e64004ac5f) Importer(815301076,1909f56bfc062723c751e8b465ee728b)
Start importing Assets/Scripts/SceneBGMSetter.cs using Guid(3ac2c6ed21f9fd443bbb34e64004ac5f) Importer(815301076,1909f56bfc062723c751e8b465ee728b) [PhysX] Initialized MultithreadedTaskDispatcher with 8 workers.
 -> (artifact id: '00000000000000000000000000000000') in 0.000924 seconds
Import Error Code:(4)
Message: Build asset version error: assets/scripts/scenebgmsetter.cs in SourceAssetDB has modification time of '2024-12-09T07:33:21.8885145Z' while content on disk has modification time of '2024-12-09T07:33:34.1896108Z'
  ERROR: Build asset version error: assets/scripts/scenebgmsetter.cs in SourceAssetDB has modification time of '2024-12-09T07:33:21.8885145Z' while content on disk has modification time of '2024-12-09T07:33:34.1896108Z'
Number of updated asset objects reloaded before import = 0
Number of asset objects unloaded after import = 0
========================================================================
Received Import Request.
  Time since last request: 0.020268 seconds.
  path: Assets/Scripts/SceneBGMSetter.cs
  artifactKey: Guid(3ac2c6ed21f9fd443bbb34e64004ac5f) Importer(815301076,1909f56bfc062723c751e8b465ee728b)
Start importing Assets/Scripts/SceneBGMSetter.cs using Guid(3ac2c6ed21f9fd443bbb34e64004ac5f) Importer(815301076,1909f56bfc062723c751e8b465ee728b) [PhysX] Initialized MultithreadedTaskDispatcher with 8 workers.
 -> (artifact id: '00000000000000000000000000000000') in 0.000854 seconds
Import Error Code:(4)
Message: Build asset version error: assets/scripts/scenebgmsetter.cs in SourceAssetDB has modification time of '2024-12-09T07:33:21.8885145Z' while content on disk has modification time of '2024-12-09T07:33:34.1896108Z'
  ERROR: Build asset version error: assets/scripts/scenebgmsetter.cs in SourceAssetDB has modification time of '2024-12-09T07:33:21.8885145Z' while content on disk has modification time of '2024-12-09T07:33:34.1896108Z'
Number of updated asset objects reloaded before import = 0
Number of asset objects unloaded after import = 0
========================================================================
Received Import Request.
  Time since last request: 0.022515 seconds.
  path: Assets/Scripts/SceneBGMSetter.cs
  artifactKey: Guid(3ac2c6ed21f9fd443bbb34e64004ac5f) Importer(815301076,1909f56bfc062723c751e8b465ee728b)
Start importing Assets/Scripts/SceneBGMSetter.cs using Guid(3ac2c6ed21f9fd443bbb34e64004ac5f) Importer(815301076,1909f56bfc062723c751e8b465ee728b) [PhysX] Initialized MultithreadedTaskDispatcher with 8 workers.
 -> (artifact id: '00000000000000000000000000000000') in 0.001411 seconds
Import Error Code:(4)
Message: Build asset version error: assets/scripts/scenebgmsetter.cs in SourceAssetDB has modification time of '2024-12-09T07:33:21.8885145Z' while content on disk has modification time of '2024-12-09T07:33:34.1896108Z'
  ERROR: Build asset version error: assets/scripts/scenebgmsetter.cs in SourceAssetDB has modification time of '2024-12-09T07:33:21.8885145Z' while content on disk has modification time of '2024-12-09T07:33:34.1896108Z'
Number of updated asset objects reloaded before import = 0
Number of asset objects unloaded after import = 0
========================================================================
Received Import Request.
  Time since last request: 0.019613 seconds.
  path: Assets/Scripts/SceneBGMSetter.cs
  artifactKey: Guid(3ac2c6ed21f9fd443bbb34e64004ac5f) Importer(815301076,1909f56bfc062723c751e8b465ee728b)
Start importing Assets/Scripts/SceneBGMSetter.cs using Guid(3ac2c6ed21f9fd443bbb34e64004ac5f) Importer(815301076,1909f56bfc062723c751e8b465ee728b) [PhysX] Initialized MultithreadedTaskDispatcher with 8 workers.
 -> (artifact id: '00000000000000000000000000000000') in 0.001159 seconds
Import Error Code:(4)
Message: Build asset version error: assets/scripts/scenebgmsetter.cs in SourceAssetDB has modification time of '2024-12-09T07:33:21.8885145Z' while content on disk has modification time of '2024-12-09T07:33:34.1896108Z'
  ERROR: Build asset version error: assets/scripts/scenebgmsetter.cs in SourceAssetDB has modification time of '2024-12-09T07:33:21.8885145Z' while content on disk has modification time of '2024-12-09T07:33:34.1896108Z'
Number of updated asset objects reloaded before import = 0
Number of asset objects unloaded after import = 0
========================================================================
Received Import Request.
  Time since last request: 0.020558 seconds.
  path: Assets/Scripts/SceneBGMSetter.cs
  artifactKey: Guid(3ac2c6ed21f9fd443bbb34e64004ac5f) Importer(815301076,1909f56bfc062723c751e8b465ee728b)
Start importing Assets/Scripts/SceneBGMSetter.cs using Guid(3ac2c6ed21f9fd443bbb34e64004ac5f) Importer(815301076,1909f56bfc062723c751e8b465ee728b) [PhysX] Initialized MultithreadedTaskDispatcher with 8 workers.
 -> (artifact id: '00000000000000000000000000000000') in 0.001383 seconds
Import Error Code:(4)
Message: Build asset version error: assets/scripts/scenebgmsetter.cs in SourceAssetDB has modification time of '2024-12-09T07:33:21.8885145Z' while content on disk has modification time of '2024-12-09T07:33:34.1896108Z'
  ERROR: Build asset version error: assets/scripts/scenebgmsetter.cs in SourceAssetDB has modification time of '2024-12-09T07:33:21.8885145Z' while content on disk has modification time of '2024-12-09T07:33:34.1896108Z'
Number of updated asset objects reloaded before import = 0
Number of asset objects unloaded after import = 0
========================================================================
Received Import Request.
  Time since last request: 0.019708 seconds.
  path: Assets/Scripts/SceneBGMSetter.cs
  artifactKey: Guid(3ac2c6ed21f9fd443bbb34e64004ac5f) Importer(815301076,1909f56bfc062723c751e8b465ee728b)
Start importing Assets/Scripts/SceneBGMSetter.cs using Guid(3ac2c6ed21f9fd443bbb34e64004ac5f) Importer(815301076,1909f56bfc062723c751e8b465ee728b) [PhysX] Initialized MultithreadedTaskDispatcher with 8 workers.
 -> (artifact id: '00000000000000000000000000000000') in 0.001320 seconds
Import Error Code:(4)
Message: Build asset version error: assets/scripts/scenebgmsetter.cs in SourceAssetDB has modification time of '2024-12-09T07:33:21.8885145Z' while content on disk has modification time of '2024-12-09T07:33:34.1896108Z'
  ERROR: Build asset version error: assets/scripts/scenebgmsetter.cs in SourceAssetDB has modification time of '2024-12-09T07:33:21.8885145Z' while content on disk has modification time of '2024-12-09T07:33:34.1896108Z'
Number of updated asset objects reloaded before import = 0
Number of asset objects unloaded after import = 0
========================================================================
Received Import Request.
  Time since last request: 0.023708 seconds.
  path: Assets/Scripts/SceneBGMSetter.cs
  artifactKey: Guid(3ac2c6ed21f9fd443bbb34e64004ac5f) Importer(815301076,1909f56bfc062723c751e8b465ee728b)
Start importing Assets/Scripts/SceneBGMSetter.cs using Guid(3ac2c6ed21f9fd443bbb34e64004ac5f) Importer(815301076,1909f56bfc062723c751e8b465ee728b) [PhysX] Initialized MultithreadedTaskDispatcher with 8 workers.
 -> (artifact id: '00000000000000000000000000000000') in 0.002004 seconds
Import Error Code:(4)
Message: Build asset version error: assets/scripts/scenebgmsetter.cs in SourceAssetDB has modification time of '2024-12-09T07:33:21.8885145Z' while content on disk has modification time of '2024-12-09T07:33:34.1896108Z'
  ERROR: Build asset version error: assets/scripts/scenebgmsetter.cs in SourceAssetDB has modification time of '2024-12-09T07:33:21.8885145Z' while content on disk has modification time of '2024-12-09T07:33:34.1896108Z'
Number of updated asset objects reloaded before import = 0
Number of asset objects unloaded after import = 0
========================================================================
Received Import Request.
  Time since last request: 0.002633 seconds.
  path: Assets/Scripts/SceneBGMSetter.cs
  artifactKey: Guid(3ac2c6ed21f9fd443bbb34e64004ac5f) Importer(815301076,1909f56bfc062723c751e8b465ee728b)
Start importing Assets/Scripts/SceneBGMSetter.cs using Guid(3ac2c6ed21f9fd443bbb34e64004ac5f) Importer(815301076,1909f56bfc062723c751e8b465ee728b) [PhysX] Initialized MultithreadedTaskDispatcher with 8 workers.
 -> (artifact id: '00000000000000000000000000000000') in 0.002045 seconds
Import Error Code:(4)
Message: Build asset version error: assets/scripts/scenebgmsetter.cs in SourceAssetDB has modification time of '2024-12-09T07:33:21.8885145Z' while content on disk has modification time of '2024-12-09T07:33:34.1896108Z'
  ERROR: Build asset version error: assets/scripts/scenebgmsetter.cs in SourceAssetDB has modification time of '2024-12-09T07:33:21.8885145Z' while content on disk has modification time of '2024-12-09T07:33:34.1896108Z'
Number of updated asset objects reloaded before import = 0
Number of asset objects unloaded after import = 0
========================================================================
Received Import Request.
  Time since last request: 0.015693 seconds.
  path: Assets/Scripts/SceneBGMSetter.cs
  artifactKey: Guid(3ac2c6ed21f9fd443bbb34e64004ac5f) Importer(815301076,1909f56bfc062723c751e8b465ee728b)
Start importing Assets/Scripts/SceneBGMSetter.cs using Guid(3ac2c6ed21f9fd443bbb34e64004ac5f) Importer(815301076,1909f56bfc062723c751e8b465ee728b) [PhysX] Initialized MultithreadedTaskDispatcher with 8 workers.
 -> (artifact id: '00000000000000000000000000000000') in 0.001554 seconds
Import Error Code:(4)
Message: Build asset version error: assets/scripts/scenebgmsetter.cs in SourceAssetDB has modification time of '2024-12-09T07:33:21.8885145Z' while content on disk has modification time of '2024-12-09T07:33:34.1896108Z'
  ERROR: Build asset version error: assets/scripts/scenebgmsetter.cs in SourceAssetDB has modification time of '2024-12-09T07:33:21.8885145Z' while content on disk has modification time of '2024-12-09T07:33:34.1896108Z'
Number of updated asset objects reloaded before import = 0
Number of asset objects unloaded after import = 0
========================================================================
Received Import Request.
  Time since last request: 0.020727 seconds.
  path: Assets/Scripts/SceneBGMSetter.cs
  artifactKey: Guid(3ac2c6ed21f9fd443bbb34e64004ac5f) Importer(815301076,1909f56bfc062723c751e8b465ee728b)
Start importing Assets/Scripts/SceneBGMSetter.cs using Guid(3ac2c6ed21f9fd443bbb34e64004ac5f) Importer(815301076,1909f56bfc062723c751e8b465ee728b) [PhysX] Initialized MultithreadedTaskDispatcher with 8 workers.
 -> (artifact id: '00000000000000000000000000000000') in 0.001378 seconds
Import Error Code:(4)
Message: Build asset version error: assets/scripts/scenebgmsetter.cs in SourceAssetDB has modification time of '2024-12-09T07:33:21.8885145Z' while content on disk has modification time of '2024-12-09T07:33:34.1896108Z'
  ERROR: Build asset version error: assets/scripts/scenebgmsetter.cs in SourceAssetDB has modification time of '2024-12-09T07:33:21.8885145Z' while content on disk has modification time of '2024-12-09T07:33:34.1896108Z'
Number of updated asset objects reloaded before import = 0
Number of asset objects unloaded after import = 0
========================================================================
Received Import Request.
  Time since last request: 0.021404 seconds.
  path: Assets/Scripts/SceneBGMSetter.cs
  artifactKey: Guid(3ac2c6ed21f9fd443bbb34e64004ac5f) Importer(815301076,1909f56bfc062723c751e8b465ee728b)
Start importing Assets/Scripts/SceneBGMSetter.cs using Guid(3ac2c6ed21f9fd443bbb34e64004ac5f) Importer(815301076,1909f56bfc062723c751e8b465ee728b) [PhysX] Initialized MultithreadedTaskDispatcher with 8 workers.
 -> (artifact id: '00000000000000000000000000000000') in 0.001177 seconds
Import Error Code:(4)
Message: Build asset version error: assets/scripts/scenebgmsetter.cs in SourceAssetDB has modification time of '2024-12-09T07:33:21.8885145Z' while content on disk has modification time of '2024-12-09T07:33:34.1896108Z'
  ERROR: Build asset version error: assets/scripts/scenebgmsetter.cs in SourceAssetDB has modification time of '2024-12-09T07:33:21.8885145Z' while content on disk has modification time of '2024-12-09T07:33:34.1896108Z'
Number of updated asset objects reloaded before import = 0
Number of asset objects unloaded after import = 0
========================================================================
Received Import Request.
  Time since last request: 0.022581 seconds.
  path: Assets/Scripts/SceneBGMSetter.cs
  artifactKey: Guid(3ac2c6ed21f9fd443bbb34e64004ac5f) Importer(815301076,1909f56bfc062723c751e8b465ee728b)
Start importing Assets/Scripts/SceneBGMSetter.cs using Guid(3ac2c6ed21f9fd443bbb34e64004ac5f) Importer(815301076,1909f56bfc062723c751e8b465ee728b) [PhysX] Initialized MultithreadedTaskDispatcher with 8 workers.
 -> (artifact id: '00000000000000000000000000000000') in 0.001344 seconds
Import Error Code:(4)
Message: Build asset version error: assets/scripts/scenebgmsetter.cs in SourceAssetDB has modification time of '2024-12-09T07:33:21.8885145Z' while content on disk has modification time of '2024-12-09T07:33:34.1896108Z'
  ERROR: Build asset version error: assets/scripts/scenebgmsetter.cs in SourceAssetDB has modification time of '2024-12-09T07:33:21.8885145Z' while content on disk has modification time of '2024-12-09T07:33:34.1896108Z'
Number of updated asset objects reloaded before import = 0
Number of asset objects unloaded after import = 0
========================================================================
Received Import Request.
  Time since last request: 0.019849 seconds.
  path: Assets/Scripts/SceneBGMSetter.cs
  artifactKey: Guid(3ac2c6ed21f9fd443bbb34e64004ac5f) Importer(815301076,1909f56bfc062723c751e8b465ee728b)
Start importing Assets/Scripts/SceneBGMSetter.cs using Guid(3ac2c6ed21f9fd443bbb34e64004ac5f) Importer(815301076,1909f56bfc062723c751e8b465ee728b) [PhysX] Initialized MultithreadedTaskDispatcher with 8 workers.
 -> (artifact id: '00000000000000000000000000000000') in 0.002974 seconds
Import Error Code:(4)
Message: Build asset version error: assets/scripts/scenebgmsetter.cs in SourceAssetDB has modification time of '2024-12-09T07:33:21.8885145Z' while content on disk has modification time of '2024-12-09T07:33:34.1896108Z'
  ERROR: Build asset version error: assets/scripts/scenebgmsetter.cs in SourceAssetDB has modification time of '2024-12-09T07:33:21.8885145Z' while content on disk has modification time of '2024-12-09T07:33:34.1896108Z'
Number of updated asset objects reloaded before import = 0
Number of asset objects unloaded after import = 0
========================================================================
Received Prepare
Caller must complete domain reload
Begin MonoManager ReloadAssembly
- Loaded All Assemblies, in  1.459 seconds
Native extension for WindowsStandalone target not found
Mono: successfully reloaded assembly
- Finished resetting the current domain, in  3.434 seconds
Domain Reload Profiling: 4878ms
	BeginReloadAssembly (475ms)
		ExecutionOrderSort (0ms)
		DisableScriptedObjects (12ms)
		BackupInstance (0ms)
		ReleaseScriptingObjects (0ms)
		CreateAndSetChildDomain (73ms)
	RebuildCommonClasses (119ms)
	RebuildNativeTypeToScriptingClass (42ms)
	initialDomainReloadingComplete (114ms)
	LoadAllAssembliesAndSetupDomain (693ms)
		LoadAssemblies (943ms)
		RebuildTransferFunctionScriptingTraits (0ms)
		AnalyzeDomain (59ms)
			TypeCache.Refresh (20ms)
				TypeCache.ScanAssembly (2ms)
			ScanForSourceGeneratedMonoScriptInfo (18ms)
			ResolveRequiredComponents (17ms)
	FinalizeReload (3435ms)
		ReleaseScriptCaches (0ms)
		RebuildScriptCaches (0ms)
		SetupLoadedEditorAssemblies (1248ms)
			LogAssemblyErrors (0ms)
			InitializePlatformSupportModulesInManaged (22ms)
			SetLoadedEditorAssemblies (10ms)
			RefreshPlugins (0ms)
			BeforeProcessingInitializeOnLoad (180ms)
			ProcessInitializeOnLoadAttributes (918ms)
			ProcessInitializeOnLoadMethodAttributes (78ms)
			AfterProcessingInitializeOnLoad (40ms)
			EditorAssembliesLoaded (0ms)
		ExecutionOrderSort2 (0ms)
		AwakeInstancesAfterBackupRestoration (42ms)
Refreshing native plugins compatible for Editor in 17.38 ms, found 3 plugins.
Preloading 0 native plugins for Editor in 0.00 ms.
Unloading 3196 Unused Serialized files (Serialized files now loaded: 0)
Unloading 14 unused Assets / (28.5 KB). Loaded Objects now: 3702.
Memory consumption went from 123.5 MB to 123.4 MB.
Total: 5.932400 ms (FindLiveObjects: 0.523300 ms CreateObjectMapping: 0.277300 ms MarkObjects: 5.066100 ms  DeleteObjects: 0.063500 ms)

Prepare: number of updated asset objects reloaded= 0
AssetImportParameters requested are different than current active one (requested -> active):
  custom:container-demuxer-ogg: 62fdf1f143b41e24485cea50d1cbac27 -> 
  custom:video-codec-MediaFoundation-h265: 746d11721c4dcdbdad8f713fa42b33f4 -> 
  custom:video-decoder-ogg-theora: a1e56fd34408186e4bbccfd4996cb3dc -> 
  custom:framework-win-MediaFoundation: 216162199b28c13a410421893ffa2e32 -> 
  custom:CustomObjectIndexerAttribute: 9a22284fe3817be447336de3de66b15e -> 
  custom:container-demuxer-webm: 4f35f7cbe854078d1ac9338744f61a02 -> 
  custom:container-muxer-webm: aa71ff27fc2769a1b78a27578f13a17b -> 
  custom:video-decoder-webm-vp8: 9c59270c3fd7afecdb556c50c9e8de78 -> 
  custom:SearchIndexIgnoredProperties: e643bd26f0fe6173181afceb89e7c659 -> 
  custom:AudioImporter_EditorPlatform: d09bf68614088b80899f8185d706f6e7 -> 
  custom:scripting/monoscript/fileName/SceneBGMSetter.cs: 813043180954d6d6302380ca578de066 -> 
  custom:video-encoder-webm-vp8: eb34c28f22e8b96e1ab97ce403110664 -> 
  custom:audio-decoder-ogg-vorbis: bf7c407c2cedff20999df2af8eb42d56 -> 
  custom:audio-encoder-webm-vorbis: bf7c407c2cedff20999df2af8eb42d56 -> 
  custom:scripting/precompiled-assembly-types:Assembly-CSharp: c38c9100a003d07f40f3b2e46b418234 -> f7c2d739dbcb71d76e3fbb408ea7f577
========================================================================
Received Import Request.
  Time since last request: 12.651715 seconds.
  path: Assets/Scripts/SceneBGMSetter.cs
  artifactKey: Guid(3ac2c6ed21f9fd443bbb34e64004ac5f) Importer(815301076,1909f56bfc062723c751e8b465ee728b)
Start importing Assets/Scripts/SceneBGMSetter.cs using Guid(3ac2c6ed21f9fd443bbb34e64004ac5f) Importer(815301076,1909f56bfc062723c751e8b465ee728b) [PhysX] Initialized MultithreadedTaskDispatcher with 8 workers.
 -> (artifact id: 'b22f9fb4b1860ffe03b750cdf814bd91') in 0.004643 seconds
Number of updated asset objects reloaded before import = 0
Number of asset objects unloaded after import = 0
========================================================================
Received Import Request.
  Time since last request: 115.747816 seconds.
  path: Assets/Sounds/Soft RPG Music Pack copie/BGM/Complete Files/1music.wav
  artifactKey: Guid(a6ac3648f8a70465e813a59a78556462) Importer(815301076,1909f56bfc062723c751e8b465ee728b)
Start importing Assets/Sounds/Soft RPG Music Pack copie/BGM/Complete Files/1music.wav using Guid(a6ac3648f8a70465e813a59a78556462) Importer(815301076,1909f56bfc062723c751e8b465ee728b) [PhysX] Initialized MultithreadedTaskDispatcher with 8 workers.
[PhysX] Initialized MultithreadedTaskDispatcher with 8 workers.
 -> (artifact id: '42ad38094d0d569834ef05f71c9a4cc9') in 0.492791 seconds
Number of updated asset objects reloaded before import = 0
Number of asset objects unloaded after import = 2
========================================================================
Received Import Request.
  Time since last request: 71.049115 seconds.
  path: Assets/Scenes
  artifactKey: Guid(7a9540c612b217d42829b438777e17ad) Importer(815301076,1909f56bfc062723c751e8b465ee728b)
Start importing Assets/Scenes using Guid(7a9540c612b217d42829b438777e17ad) Importer(815301076,1909f56bfc062723c751e8b465ee728b) [PhysX] Initialized MultithreadedTaskDispatcher with 8 workers.
 -> (artifact id: 'd4510fa2be593ef076074e6cbf3b6690') in 0.001689 seconds
Number of updated asset objects reloaded before import = 0
Number of asset objects unloaded after import = 0
========================================================================
Received Import Request.
  Time since last request: 2.626481 seconds.
  path: Assets/Scenes/Stage2.unity
  artifactKey: Guid(0d85b124f082e414aa599b8783156ba7) Importer(815301076,1909f56bfc062723c751e8b465ee728b)
Start importing Assets/Scenes/Stage2.unity using Guid(0d85b124f082e414aa599b8783156ba7) Importer(815301076,1909f56bfc062723c751e8b465ee728b) [PhysX] Initialized MultithreadedTaskDispatcher with 8 workers.
 -> (artifact id: 'd02049e950e6db5e2d08f351d087ad51') in 0.001847 seconds
Number of updated asset objects reloaded before import = 0
Number of asset objects unloaded after import = 0
========================================================================
Received Import Request.
  Time since last request: 15.017820 seconds.
  path: Assets/ExpSound/RPG_Essentials_Free/8_Buffs_Heals_SFX/02_Heal_02.wav
  artifactKey: Guid(cfce0cea076109f478783201b2a9f57f) Importer(815301076,1909f56bfc062723c751e8b465ee728b)
Start importing Assets/ExpSound/RPG_Essentials_Free/8_Buffs_Heals_SFX/02_Heal_02.wav using Guid(cfce0cea076109f478783201b2a9f57f) Importer(815301076,1909f56bfc062723c751e8b465ee728b) [PhysX] Initialized MultithreadedTaskDispatcher with 8 workers.
[PhysX] Initialized MultithreadedTaskDispatcher with 8 workers.
 -> (artifact id: 'bfeb1d93c4aefa411263a0299d780cd4') in 0.041209 seconds
Number of updated asset objects reloaded before import = 0
Number of asset objects unloaded after import = 2
========================================================================
Received Import Request.
  Time since last request: 8.381211 seconds.
  path: Assets/Sounds/Soft RPG Music Pack copie/BGM/Complete Files/Lobbymusic.wav
  artifactKey: Guid(fa7a8bfa79c274e4990b7299b26a9603) Importer(815301076,1909f56bfc062723c751e8b465ee728b)
Start importing Assets/Sounds/Soft RPG Music Pack copie/BGM/Complete Files/Lobbymusic.wav using Guid(fa7a8bfa79c274e4990b7299b26a9603) Importer(815301076,1909f56bfc062723c751e8b465ee728b) [PhysX] Initialized MultithreadedTaskDispatcher with 8 workers.
[PhysX] Initialized MultithreadedTaskDispatcher with 8 workers.
 -> (artifact id: '0fe23d32781ffda64fab03e9c2a265d3') in 0.658764 seconds
Number of updated asset objects reloaded before import = 0
Number of asset objects unloaded after import = 2
========================================================================
Received Import Request.
  Time since last request: 10.600656 seconds.
  path: Assets/Scenes/Lobby.unity
  artifactKey: Guid(d416f9a1d9b5d4fffa3f399ae3e3d7eb) Importer(815301076,1909f56bfc062723c751e8b465ee728b)
Start importing Assets/Scenes/Lobby.unity using Guid(d416f9a1d9b5d4fffa3f399ae3e3d7eb) Importer(815301076,1909f56bfc062723c751e8b465ee728b) [PhysX] Initialized MultithreadedTaskDispatcher with 8 workers.
 -> (artifact id: '68f5034cfad1ef263848703838777dd0') in 0.012217 seconds
Number of updated asset objects reloaded before import = 0
Number of asset objects unloaded after import = 0
========================================================================
Received Import Request.
  Time since last request: 50.067065 seconds.
  path: Assets/Used/Axe/AxeTrailColor.mat
  artifactKey: Guid(198000679ecaef141bcdb5bf5931a51d) Importer(815301076,1909f56bfc062723c751e8b465ee728b)
Start importing Assets/Used/Axe/AxeTrailColor.mat using Guid(198000679ecaef141bcdb5bf5931a51d) Importer(815301076,1909f56bfc062723c751e8b465ee728b) [PhysX] Initialized MultithreadedTaskDispatcher with 8 workers.
[PhysX] Initialized MultithreadedTaskDispatcher with 8 workers.
 -> (artifact id: '1dc679509f5bce868f7181068603cd01') in 0.099074 seconds
Number of updated asset objects reloaded before import = 0
Number of asset objects unloaded after import = 1
========================================================================
Received Import Request.
  Time since last request: 0.000040 seconds.
  path: Assets/Fantasy Wooden GUI  Free/normal_ui_set A/Close Button.png
  artifactKey: Guid(11277a3f23988ec47908362d708edaa8) Importer(815301076,1909f56bfc062723c751e8b465ee728b)
Start importing Assets/Fantasy Wooden GUI  Free/normal_ui_set A/Close Button.png using Guid(11277a3f23988ec47908362d708edaa8) Importer(815301076,1909f56bfc062723c751e8b465ee728b) [PhysX] Initialized MultithreadedTaskDispatcher with 8 workers.
[PhysX] Initialized MultithreadedTaskDispatcher with 8 workers.
 -> (artifact id: '8c53fbc94e25625fdcf31846a9a2be3c') in 0.088286 seconds
Number of updated asset objects reloaded before import = 0
Number of asset objects unloaded after import = 3
========================================================================
Received Import Request.
  Time since last request: 0.000034 seconds.
  path: Assets/Used/Fireball/FireBallColor.mat
  artifactKey: Guid(c96a4b7c85144dc489980d598407a1d0) Importer(815301076,1909f56bfc062723c751e8b465ee728b)
Start importing Assets/Used/Fireball/FireBallColor.mat using Guid(c96a4b7c85144dc489980d598407a1d0) Importer(815301076,1909f56bfc062723c751e8b465ee728b) [PhysX] Initialized MultithreadedTaskDispatcher with 8 workers.
[PhysX] Initialized MultithreadedTaskDispatcher with 8 workers.
 -> (artifact id: '8abb0b4bd4f3d4e19b2600b905d5e798') in 0.031530 seconds
Number of updated asset objects reloaded before import = 0
Number of asset objects unloaded after import = 1
========================================================================
Received Import Request.
  Time since last request: 0.000031 seconds.
  path: Assets/TextMesh Pro/Examples & Extras/Resources/Fonts & Materials/Bangers SDF Logo.mat
  artifactKey: Guid(f4e195ac1e204eff960149d1cb34e18c) Importer(815301076,1909f56bfc062723c751e8b465ee728b)
Start importing Assets/TextMesh Pro/Examples & Extras/Resources/Fonts & Materials/Bangers SDF Logo.mat using Guid(f4e195ac1e204eff960149d1cb34e18c) Importer(815301076,1909f56bfc062723c751e8b465ee728b) [PhysX] Initialized MultithreadedTaskDispatcher with 8 workers.
[PhysX] Initialized MultithreadedTaskDispatcher with 8 workers.
 -> (artifact id: 'd6be41d9c85a89d021cf285281d0073f') in 0.210555 seconds
Number of updated asset objects reloaded before import = 0
Number of asset objects unloaded after import = 4
========================================================================
Received Import Request.
  Time since last request: 352.552720 seconds.
  path: Assets/Scenes/Stage1.unity
  artifactKey: Guid(0a30ce4fcd064ba4389903b07c3c36b8) Importer(815301076,1909f56bfc062723c751e8b465ee728b)
Start importing Assets/Scenes/Stage1.unity using Guid(0a30ce4fcd064ba4389903b07c3c36b8) Importer(815301076,1909f56bfc062723c751e8b465ee728b) [PhysX] Initialized MultithreadedTaskDispatcher with 8 workers.
 -> (artifact id: '193eae94e351d45a68d42ea5d74aa53a') in 0.001811 seconds
Number of updated asset objects reloaded before import = 0
Number of asset objects unloaded after import = 0
========================================================================
Received Import Request.
  Time since last request: 65.555359 seconds.
  path: Assets/Scenes/Lobby.unity
  artifactKey: Guid(d416f9a1d9b5d4fffa3f399ae3e3d7eb) Importer(815301076,1909f56bfc062723c751e8b465ee728b)
Start importing Assets/Scenes/Lobby.unity using Guid(d416f9a1d9b5d4fffa3f399ae3e3d7eb) Importer(815301076,1909f56bfc062723c751e8b465ee728b) [PhysX] Initialized MultithreadedTaskDispatcher with 8 workers.
 -> (artifact id: '29483734163c60409ec2121fa24c660d') in 0.001190 seconds
Number of updated asset objects reloaded before import = 0
Number of asset objects unloaded after import = 0
